<?xml version="1.0" encoding="UTF-8"?>
<testng-results skipped="0" failed="0" ignored="0" total="1" passed="1">
  <reporter-output>
  </reporter-output>
  <suite name="Suite" duration-ms="155821" started-at="2019-08-22T03:16:04Z" finished-at="2019-08-22T03:18:40Z">
    <groups>
    </groups>
    <test name="Test" duration-ms="155821" started-at="2019-08-22T03:16:04Z" finished-at="2019-08-22T03:18:40Z">
      <class name="MavenDemo.MavenDemo.LoginTest">
        <test-method status="PASS" signature="setup()[pri:0, instance:MavenDemo.MavenDemo.LoginTest@21bcffb5]" name="setup" duration-ms="155772" started-at="2019-08-22T03:16:04Z" finished-at="2019-08-22T03:18:40Z">
          <reporter-output>
          </reporter-output>
        </test-method> <!-- setup -->
      </class> <!-- MavenDemo.MavenDemo.LoginTest -->
    </test> <!-- Test -->
  </suite> <!-- Suite -->
</testng-results>
